<?xml version="1.0" encoding="UTF-8"?>
<coverage generated="1763631987782" clover="3.2.0">
  <project timestamp="1763631987782" name="All files">
    <metrics statements="72" coveredstatements="52" conditionals="45" coveredconditionals="25" methods="18" coveredmethods="14" elements="135" coveredelements="91" complexity="0" loc="72" ncloc="72" packages="2" files="6" classes="6"/>
    <package name="src">
      <metrics statements="27" coveredstatements="26" conditionals="15" coveredconditionals="13" methods="6" coveredmethods="6"/>
      <file name="buildDiff.js" path="/mnt/c/Users/USUARIO/Desktop/jose/CODICA/fullstack-javascript-project-103/src/buildDiff.js">
        <metrics statements="14" coveredstatements="14" conditionals="10" coveredconditionals="10" methods="2" coveredmethods="2"/>
        <line num="5" count="3" type="stmt"/>
        <line num="6" count="11" type="stmt"/>
        <line num="8" count="11" type="stmt"/>
        <line num="9" count="41" type="stmt"/>
        <line num="10" count="41" type="stmt"/>
        <line num="12" count="41" type="cond" truecount="2" falsecount="0"/>
        <line num="13" count="6" type="stmt"/>
        <line num="16" count="35" type="cond" truecount="2" falsecount="0"/>
        <line num="17" count="11" type="stmt"/>
        <line num="20" count="24" type="cond" truecount="4" falsecount="0"/>
        <line num="21" count="8" type="stmt"/>
        <line num="24" count="16" type="cond" truecount="2" falsecount="0"/>
        <line num="25" count="9" type="stmt"/>
        <line num="28" count="7" type="stmt"/>
      </file>
      <file name="gendiff.js" path="/mnt/c/Users/USUARIO/Desktop/jose/CODICA/fullstack-javascript-project-103/src/gendiff.js">
        <metrics statements="8" coveredstatements="8" conditionals="1" coveredconditionals="1" methods="3" coveredmethods="3"/>
        <line num="7" count="3" type="stmt"/>
        <line num="8" count="6" type="stmt"/>
        <line num="10" count="6" type="stmt"/>
        <line num="12" count="3" type="cond" truecount="1" falsecount="0"/>
        <line num="13" count="3" type="stmt"/>
        <line num="14" count="3" type="stmt"/>
        <line num="15" count="3" type="stmt"/>
        <line num="16" count="3" type="stmt"/>
      </file>
      <file name="parsers.js" path="/mnt/c/Users/USUARIO/Desktop/jose/CODICA/fullstack-javascript-project-103/src/parsers.js">
        <metrics statements="5" coveredstatements="4" conditionals="4" coveredconditionals="2" methods="1" coveredmethods="1"/>
        <line num="3" count="3" type="stmt"/>
        <line num="4" count="6" type="cond" truecount="2" falsecount="2"/>
        <line num="6" count="4" type="stmt"/>
        <line num="9" count="2" type="stmt"/>
        <line num="11" count="0" type="stmt"/>
      </file>
    </package>
    <package name="src.formatters">
      <metrics statements="45" coveredstatements="26" conditionals="30" coveredconditionals="12" methods="12" coveredmethods="8"/>
      <file name="flat.js" path="/mnt/c/Users/USUARIO/Desktop/jose/CODICA/fullstack-javascript-project-103/src/formatters/flat.js">
        <metrics statements="18" coveredstatements="2" conditionals="14" coveredconditionals="0" methods="4" coveredmethods="0"/>
        <line num="1" count="3" type="stmt"/>
        <line num="2" count="0" type="cond" truecount="0" falsecount="2"/>
        <line num="3" count="0" type="cond" truecount="0" falsecount="2"/>
        <line num="4" count="0" type="cond" truecount="0" falsecount="2"/>
        <line num="5" count="0" type="stmt"/>
        <line num="8" count="3" type="stmt"/>
        <line num="9" count="0" type="stmt"/>
        <line num="10" count="0" type="stmt"/>
        <line num="11" count="0" type="cond" truecount="0" falsecount="2"/>
        <line num="13" count="0" type="cond" truecount="0" falsecount="6"/>
        <line num="15" count="0" type="stmt"/>
        <line num="17" count="0" type="stmt"/>
        <line num="19" count="0" type="stmt"/>
        <line num="21" count="0" type="stmt"/>
        <line num="23" count="0" type="stmt"/>
        <line num="25" count="0" type="stmt"/>
        <line num="29" count="0" type="stmt"/>
        <line num="32" count="0" type="stmt"/>
      </file>
      <file name="index.js" path="/mnt/c/Users/USUARIO/Desktop/jose/CODICA/fullstack-javascript-project-103/src/formatters/index.js">
        <metrics statements="4" coveredstatements="2" conditionals="3" coveredconditionals="1" methods="1" coveredmethods="1"/>
        <line num="5" count="3" type="cond" truecount="1" falsecount="2"/>
        <line num="7" count="3" type="stmt"/>
        <line num="9" count="0" type="stmt"/>
        <line num="11" count="0" type="stmt"/>
      </file>
      <file name="stylish.js" path="/mnt/c/Users/USUARIO/Desktop/jose/CODICA/fullstack-javascript-project-103/src/formatters/stylish.js">
        <metrics statements="23" coveredstatements="22" conditionals="13" coveredconditionals="11" methods="7" coveredmethods="7"/>
        <line num="1" count="3" type="cond" truecount="1" falsecount="0"/>
        <line num="2" count="59" type="stmt"/>
        <line num="4" count="3" type="cond" truecount="1" falsecount="0"/>
        <line num="5" count="22" type="stmt"/>
        <line num="7" count="3" type="stmt"/>
        <line num="8" count="60" type="cond" truecount="4" falsecount="0"/>
        <line num="9" count="46" type="stmt"/>
        <line num="13" count="14" type="stmt"/>
        <line num="15" count="18" type="stmt"/>
        <line num="16" count="18" type="stmt"/>
        <line num="19" count="14" type="stmt"/>
        <line num="22" count="3" type="cond" truecount="0" falsecount="1"/>
        <line num="23" count="11" type="stmt"/>
        <line num="24" count="41" type="stmt"/>
        <line num="26" count="41" type="cond" truecount="5" falsecount="1"/>
        <line num="28" count="11" type="stmt"/>
        <line num="31" count="6" type="stmt"/>
        <line num="34" count="7" type="stmt"/>
        <line num="37" count="9" type="stmt"/>
        <line num="43" count="8" type="stmt"/>
        <line num="46" count="0" type="stmt"/>
        <line num="50" count="11" type="stmt"/>
        <line num="53" count="3" type="stmt"/>
      </file>
    </package>
  </project>
</coverage>
