{"/mnt/c/Users/USUARIO/Desktop/jose/CODICA/fullstack-javascript-project-103/src/genDiff.js": {"path":"/mnt/c/Users/USUARIO/Desktop/jose/CODICA/fullstack-javascript-project-103/src/genDiff.js","statementMap":{"0":{"start":{"line":7,"column":16},"end":{"line":30,"column":1}},"1":{"start":{"line":8,"column":24},"end":{"line":8,"column":62}},"2":{"start":{"line":9,"column":24},"end":{"line":9,"column":62}},"3":{"start":{"line":11,"column":16},"end":{"line":11,"column":67}},"4":{"start":{"line":12,"column":16},"end":{"line":12,"column":67}},"5":{"start":{"line":14,"column":15},"end":{"line":14,"column":72}},"6":{"start":{"line":16,"column":15},"end":{"line":27,"column":4}},"7":{"start":{"line":17,"column":4},"end":{"line":19,"column":5}},"8":{"start":{"line":18,"column":6},"end":{"line":18,"column":41}},"9":{"start":{"line":20,"column":4},"end":{"line":22,"column":5}},"10":{"start":{"line":21,"column":6},"end":{"line":21,"column":41}},"11":{"start":{"line":23,"column":4},"end":{"line":25,"column":5}},"12":{"start":{"line":24,"column":6},"end":{"line":24,"column":68}},"13":{"start":{"line":26,"column":4},"end":{"line":26,"column":39}},"14":{"start":{"line":29,"column":2},"end":{"line":29,"column":36}}},"fnMap":{"0":{"name":"(anonymous_0)","decl":{"start":{"line":7,"column":16},"end":{"line":7,"column":17}},"loc":{"start":{"line":7,"column":42},"end":{"line":30,"column":1}},"line":7},"1":{"name":"(anonymous_1)","decl":{"start":{"line":16,"column":24},"end":{"line":16,"column":25}},"loc":{"start":{"line":16,"column":33},"end":{"line":27,"column":3}},"line":16}},"branchMap":{"0":{"loc":{"start":{"line":17,"column":4},"end":{"line":19,"column":5}},"type":"if","locations":[{"start":{"line":17,"column":4},"end":{"line":19,"column":5}},{"start":{},"end":{}}],"line":17},"1":{"loc":{"start":{"line":20,"column":4},"end":{"line":22,"column":5}},"type":"if","locations":[{"start":{"line":20,"column":4},"end":{"line":22,"column":5}},{"start":{},"end":{}}],"line":20},"2":{"loc":{"start":{"line":23,"column":4},"end":{"line":25,"column":5}},"type":"if","locations":[{"start":{"line":23,"column":4},"end":{"line":25,"column":5}},{"start":{},"end":{}}],"line":23}},"s":{"0":1,"1":1,"2":1,"3":1,"4":1,"5":1,"6":1,"7":5,"8":2,"9":3,"10":1,"11":2,"12":1,"13":1,"14":1},"f":{"0":1,"1":5},"b":{"0":[2,3],"1":[1,2],"2":[1,1]},"_coverageSchema":"1a1c01bbd47fc00a2c39e90264f33305004495a9","hash":"076deac0b435b4621cc5e1d4947d2d94c5f28ba0"}
}
