{"/mnt/c/Users/USUARIO/Desktop/jose/CODICA/fullstack-javascript-project-103/src/buildDiff.js": {"path":"/mnt/c/Users/USUARIO/Desktop/jose/CODICA/fullstack-javascript-project-103/src/buildDiff.js","statementMap":{"0":{"start":{"line":5,"column":18},"end":{"line":30,"column":1}},"1":{"start":{"line":6,"column":15},"end":{"line":6,"column":72}},"2":{"start":{"line":8,"column":2},"end":{"line":29,"column":5}},"3":{"start":{"line":9,"column":19},"end":{"line":9,"column":29}},"4":{"start":{"line":10,"column":19},"end":{"line":10,"column":29}},"5":{"start":{"line":12,"column":4},"end":{"line":14,"column":5}},"6":{"start":{"line":13,"column":6},"end":{"line":13,"column":53}},"7":{"start":{"line":16,"column":4},"end":{"line":18,"column":5}},"8":{"start":{"line":17,"column":6},"end":{"line":17,"column":51}},"9":{"start":{"line":20,"column":4},"end":{"line":22,"column":5}},"10":{"start":{"line":21,"column":6},"end":{"line":21,"column":74}},"11":{"start":{"line":24,"column":4},"end":{"line":26,"column":5}},"12":{"start":{"line":25,"column":6},"end":{"line":25,"column":54}},"13":{"start":{"line":28,"column":4},"end":{"line":28,"column":53}}},"fnMap":{"0":{"name":"(anonymous_0)","decl":{"start":{"line":5,"column":18},"end":{"line":5,"column":19}},"loc":{"start":{"line":5,"column":36},"end":{"line":30,"column":1}},"line":5},"1":{"name":"(anonymous_1)","decl":{"start":{"line":8,"column":18},"end":{"line":8,"column":19}},"loc":{"start":{"line":8,"column":27},"end":{"line":29,"column":3}},"line":8}},"branchMap":{"0":{"loc":{"start":{"line":12,"column":4},"end":{"line":14,"column":5}},"type":"if","locations":[{"start":{"line":12,"column":4},"end":{"line":14,"column":5}},{"start":{},"end":{}}],"line":12},"1":{"loc":{"start":{"line":16,"column":4},"end":{"line":18,"column":5}},"type":"if","locations":[{"start":{"line":16,"column":4},"end":{"line":18,"column":5}},{"start":{},"end":{}}],"line":16},"2":{"loc":{"start":{"line":20,"column":4},"end":{"line":22,"column":5}},"type":"if","locations":[{"start":{"line":20,"column":4},"end":{"line":22,"column":5}},{"start":{},"end":{}}],"line":20},"3":{"loc":{"start":{"line":20,"column":8},"end":{"line":20,"column":58}},"type":"binary-expr","locations":[{"start":{"line":20,"column":8},"end":{"line":20,"column":31}},{"start":{"line":20,"column":35},"end":{"line":20,"column":58}}],"line":20},"4":{"loc":{"start":{"line":24,"column":4},"end":{"line":26,"column":5}},"type":"if","locations":[{"start":{"line":24,"column":4},"end":{"line":26,"column":5}},{"start":{},"end":{}}],"line":24}},"s":{"0":3,"1":11,"2":11,"3":41,"4":41,"5":41,"6":6,"7":35,"8":11,"9":24,"10":8,"11":16,"12":9,"13":7},"f":{"0":11,"1":41},"b":{"0":[6,35],"1":[11,24],"2":[8,16],"3":[24,10],"4":[9,7]},"_coverageSchema":"1a1c01bbd47fc00a2c39e90264f33305004495a9","hash":"310319e666ca830518b926c7573d085f9153cae8"}
,"/mnt/c/Users/USUARIO/Desktop/jose/CODICA/fullstack-javascript-project-103/src/gendiff.js": {"path":"/mnt/c/Users/USUARIO/Desktop/jose/CODICA/fullstack-javascript-project-103/src/gendiff.js","statementMap":{"0":{"start":{"line":7,"column":16},"end":{"line":8,"column":50}},"1":{"start":{"line":8,"column":2},"end":{"line":8,"column":50}},"2":{"start":{"line":10,"column":15},"end":{"line":10,"column":60}},"3":{"start":{"line":10,"column":29},"end":{"line":10,"column":60}},"4":{"start":{"line":12,"column":16},"end":{"line":17,"column":1}},"5":{"start":{"line":13,"column":16},"end":{"line":13,"column":52}},"6":{"start":{"line":14,"column":16},"end":{"line":14,"column":52}},"7":{"start":{"line":15,"column":15},"end":{"line":15,"column":38}},"8":{"start":{"line":16,"column":2},"end":{"line":16,"column":34}}},"fnMap":{"0":{"name":"(anonymous_0)","decl":{"start":{"line":7,"column":16},"end":{"line":7,"column":17}},"loc":{"start":{"line":8,"column":2},"end":{"line":8,"column":50}},"line":8},"1":{"name":"(anonymous_1)","decl":{"start":{"line":10,"column":15},"end":{"line":10,"column":16}},"loc":{"start":{"line":10,"column":29},"end":{"line":10,"column":60}},"line":10},"2":{"name":"(anonymous_2)","decl":{"start":{"line":12,"column":16},"end":{"line":12,"column":17}},"loc":{"start":{"line":12,"column":58},"end":{"line":17,"column":1}},"line":12}},"branchMap":{"0":{"loc":{"start":{"line":12,"column":31},"end":{"line":12,"column":53}},"type":"default-arg","locations":[{"start":{"line":12,"column":44},"end":{"line":12,"column":53}}],"line":12}},"s":{"0":3,"1":6,"2":3,"3":6,"4":3,"5":3,"6":3,"7":3,"8":3},"f":{"0":6,"1":6,"2":3},"b":{"0":[1]},"_coverageSchema":"1a1c01bbd47fc00a2c39e90264f33305004495a9","hash":"396651d669c91dd130eb278ce373bb7073ad5099"}
,"/mnt/c/Users/USUARIO/Desktop/jose/CODICA/fullstack-javascript-project-103/src/parsers.js": {"path":"/mnt/c/Users/USUARIO/Desktop/jose/CODICA/fullstack-javascript-project-103/src/parsers.js","statementMap":{"0":{"start":{"line":3,"column":14},"end":{"line":13,"column":1}},"1":{"start":{"line":4,"column":2},"end":{"line":12,"column":3}},"2":{"start":{"line":6,"column":6},"end":{"line":6,"column":30}},"3":{"start":{"line":9,"column":6},"end":{"line":9,"column":29}},"4":{"start":{"line":11,"column":6},"end":{"line":11,"column":51}}},"fnMap":{"0":{"name":"(anonymous_0)","decl":{"start":{"line":3,"column":14},"end":{"line":3,"column":15}},"loc":{"start":{"line":3,"column":32},"end":{"line":13,"column":1}},"line":3}},"branchMap":{"0":{"loc":{"start":{"line":4,"column":2},"end":{"line":12,"column":3}},"type":"switch","locations":[{"start":{"line":5,"column":4},"end":{"line":6,"column":30}},{"start":{"line":7,"column":4},"end":{"line":7,"column":15}},{"start":{"line":8,"column":4},"end":{"line":9,"column":29}},{"start":{"line":10,"column":4},"end":{"line":11,"column":51}}],"line":4}},"s":{"0":3,"1":6,"2":4,"3":2,"4":0},"f":{"0":6},"b":{"0":[4,0,2,0]},"_coverageSchema":"1a1c01bbd47fc00a2c39e90264f33305004495a9","hash":"593e9d91ca46d9396d8a60297686f53e8c96949d"}
,"/mnt/c/Users/USUARIO/Desktop/jose/CODICA/fullstack-javascript-project-103/src/formatters/flat.js": {"path":"/mnt/c/Users/USUARIO/Desktop/jose/CODICA/fullstack-javascript-project-103/src/formatters/flat.js","statementMap":{"0":{"start":{"line":1,"column":18},"end":{"line":6,"column":1}},"1":{"start":{"line":2,"column":2},"end":{"line":2,"column":36}},"2":{"start":{"line":2,"column":22},"end":{"line":2,"column":36}},"3":{"start":{"line":3,"column":2},"end":{"line":3,"column":53}},"4":{"start":{"line":3,"column":33},"end":{"line":3,"column":53}},"5":{"start":{"line":4,"column":2},"end":{"line":4,"column":58}},"6":{"start":{"line":4,"column":33},"end":{"line":4,"column":58}},"7":{"start":{"line":5,"column":2},"end":{"line":5,"column":23}},"8":{"start":{"line":8,"column":13},"end":{"line":30,"column":1}},"9":{"start":{"line":9,"column":16},"end":{"line":27,"column":4}},"10":{"start":{"line":10,"column":59},"end":{"line":10,"column":63}},"11":{"start":{"line":11,"column":21},"end":{"line":11,"column":50}},"12":{"start":{"line":13,"column":4},"end":{"line":26,"column":5}},"13":{"start":{"line":15,"column":8},"end":{"line":15,"column":82}},"14":{"start":{"line":17,"column":8},"end":{"line":17,"column":52}},"15":{"start":{"line":19,"column":8},"end":{"line":19,"column":103}},"16":{"start":{"line":21,"column":8},"end":{"line":21,"column":18}},"17":{"start":{"line":23,"column":8},"end":{"line":23,"column":40}},"18":{"start":{"line":25,"column":8},"end":{"line":25,"column":49}},"19":{"start":{"line":29,"column":2},"end":{"line":29,"column":26}},"20":{"start":{"line":32,"column":25},"end":{"line":32,"column":39}}},"fnMap":{"0":{"name":"(anonymous_0)","decl":{"start":{"line":1,"column":18},"end":{"line":1,"column":19}},"loc":{"start":{"line":1,"column":29},"end":{"line":6,"column":1}},"line":1},"1":{"name":"(anonymous_1)","decl":{"start":{"line":8,"column":13},"end":{"line":8,"column":14}},"loc":{"start":{"line":8,"column":29},"end":{"line":30,"column":1}},"line":8},"2":{"name":"(anonymous_2)","decl":{"start":{"line":9,"column":29},"end":{"line":9,"column":30}},"loc":{"start":{"line":9,"column":39},"end":{"line":27,"column":3}},"line":9},"3":{"name":"(anonymous_3)","decl":{"start":{"line":32,"column":15},"end":{"line":32,"column":16}},"loc":{"start":{"line":32,"column":25},"end":{"line":32,"column":39}},"line":32}},"branchMap":{"0":{"loc":{"start":{"line":2,"column":2},"end":{"line":2,"column":36}},"type":"if","locations":[{"start":{"line":2,"column":2},"end":{"line":2,"column":36}},{"start":{},"end":{}}],"line":2},"1":{"loc":{"start":{"line":3,"column":2},"end":{"line":3,"column":53}},"type":"if","locations":[{"start":{"line":3,"column":2},"end":{"line":3,"column":53}},{"start":{},"end":{}}],"line":3},"2":{"loc":{"start":{"line":4,"column":2},"end":{"line":4,"column":58}},"type":"if","locations":[{"start":{"line":4,"column":2},"end":{"line":4,"column":58}},{"start":{},"end":{}}],"line":4},"3":{"loc":{"start":{"line":11,"column":21},"end":{"line":11,"column":50}},"type":"cond-expr","locations":[{"start":{"line":11,"column":28},"end":{"line":11,"column":44}},{"start":{"line":11,"column":47},"end":{"line":11,"column":50}}],"line":11},"4":{"loc":{"start":{"line":13,"column":4},"end":{"line":26,"column":5}},"type":"switch","locations":[{"start":{"line":14,"column":6},"end":{"line":15,"column":82}},{"start":{"line":16,"column":6},"end":{"line":17,"column":52}},{"start":{"line":18,"column":6},"end":{"line":19,"column":103}},{"start":{"line":20,"column":6},"end":{"line":21,"column":18}},{"start":{"line":22,"column":6},"end":{"line":23,"column":40}},{"start":{"line":24,"column":6},"end":{"line":25,"column":49}}],"line":13}},"s":{"0":3,"1":0,"2":0,"3":0,"4":0,"5":0,"6":0,"7":0,"8":3,"9":0,"10":0,"11":0,"12":0,"13":0,"14":0,"15":0,"16":0,"17":0,"18":0,"19":0,"20":0},"f":{"0":0,"1":0,"2":0,"3":0},"b":{"0":[0,0],"1":[0,0],"2":[0,0],"3":[0,0],"4":[0,0,0,0,0,0]},"_coverageSchema":"1a1c01bbd47fc00a2c39e90264f33305004495a9","hash":"61cf4535d2bc7a0e359d18c2eb5dfa019464f398"}
,"/mnt/c/Users/USUARIO/Desktop/jose/CODICA/fullstack-javascript-project-103/src/formatters/index.js": {"path":"/mnt/c/Users/USUARIO/Desktop/jose/CODICA/fullstack-javascript-project-103/src/formatters/index.js","statementMap":{"0":{"start":{"line":5,"column":2},"end":{"line":12,"column":3}},"1":{"start":{"line":7,"column":6},"end":{"line":7,"column":27}},"2":{"start":{"line":9,"column":6},"end":{"line":9,"column":24}},"3":{"start":{"line":11,"column":6},"end":{"line":11,"column":55}}},"fnMap":{"0":{"name":"(anonymous_0)","decl":{"start":{"line":4,"column":15},"end":{"line":4,"column":16}},"loc":{"start":{"line":4,"column":37},"end":{"line":13,"column":1}},"line":4}},"branchMap":{"0":{"loc":{"start":{"line":5,"column":2},"end":{"line":12,"column":3}},"type":"switch","locations":[{"start":{"line":6,"column":4},"end":{"line":7,"column":27}},{"start":{"line":8,"column":4},"end":{"line":9,"column":24}},{"start":{"line":10,"column":4},"end":{"line":11,"column":55}}],"line":5}},"s":{"0":3,"1":3,"2":0,"3":0},"f":{"0":3},"b":{"0":[3,0,0]},"_coverageSchema":"1a1c01bbd47fc00a2c39e90264f33305004495a9","hash":"0699afd944f2132fc650009e6e5e8478afeaccce"}
,"/mnt/c/Users/USUARIO/Desktop/jose/CODICA/fullstack-javascript-project-103/src/formatters/stylish.js": {"path":"/mnt/c/Users/USUARIO/Desktop/jose/CODICA/fullstack-javascript-project-103/src/formatters/stylish.js","statementMap":{"0":{"start":{"line":1,"column":19},"end":{"line":2,"column":37}},"1":{"start":{"line":2,"column":2},"end":{"line":2,"column":37}},"2":{"start":{"line":4,"column":26},"end":{"line":5,"column":47}},"3":{"start":{"line":5,"column":2},"end":{"line":5,"column":47}},"4":{"start":{"line":7,"column":18},"end":{"line":20,"column":1}},"5":{"start":{"line":8,"column":2},"end":{"line":10,"column":3}},"6":{"start":{"line":9,"column":4},"end":{"line":9,"column":25}},"7":{"start":{"line":13,"column":18},"end":{"line":17,"column":6}},"8":{"start":{"line":15,"column":21},"end":{"line":15,"column":42}},"9":{"start":{"line":16,"column":6},"end":{"line":16,"column":63}},"10":{"start":{"line":19,"column":2},"end":{"line":19,"column":70}},"11":{"start":{"line":22,"column":16},"end":{"line":51,"column":1}},"12":{"start":{"line":23,"column":16},"end":{"line":48,"column":4}},"13":{"start":{"line":24,"column":19},"end":{"line":24,"column":36}},"14":{"start":{"line":26,"column":4},"end":{"line":47,"column":5}},"15":{"start":{"line":28,"column":8},"end":{"line":28,"column":73}},"16":{"start":{"line":31,"column":8},"end":{"line":31,"column":73}},"17":{"start":{"line":34,"column":8},"end":{"line":34,"column":73}},"18":{"start":{"line":37,"column":8},"end":{"line":40,"column":21}},"19":{"start":{"line":43,"column":8},"end":{"line":43,"column":115}},"20":{"start":{"line":46,"column":8},"end":{"line":46,"column":54}},"21":{"start":{"line":50,"column":2},"end":{"line":50,"column":26}},"22":{"start":{"line":53,"column":25},"end":{"line":53,"column":52}}},"fnMap":{"0":{"name":"(anonymous_0)","decl":{"start":{"line":1,"column":19},"end":{"line":1,"column":20}},"loc":{"start":{"line":2,"column":2},"end":{"line":2,"column":37}},"line":2},"1":{"name":"(anonymous_1)","decl":{"start":{"line":4,"column":26},"end":{"line":4,"column":27}},"loc":{"start":{"line":5,"column":2},"end":{"line":5,"column":47}},"line":5},"2":{"name":"(anonymous_2)","decl":{"start":{"line":7,"column":18},"end":{"line":7,"column":19}},"loc":{"start":{"line":7,"column":36},"end":{"line":20,"column":1}},"line":7},"3":{"name":"(anonymous_3)","decl":{"start":{"line":14,"column":9},"end":{"line":14,"column":10}},"loc":{"start":{"line":14,"column":25},"end":{"line":17,"column":5}},"line":14},"4":{"name":"(anonymous_4)","decl":{"start":{"line":22,"column":16},"end":{"line":22,"column":17}},"loc":{"start":{"line":22,"column":37},"end":{"line":51,"column":1}},"line":22},"5":{"name":"(anonymous_5)","decl":{"start":{"line":23,"column":25},"end":{"line":23,"column":26}},"loc":{"start":{"line":23,"column":35},"end":{"line":48,"column":3}},"line":23},"6":{"name":"(anonymous_6)","decl":{"start":{"line":53,"column":15},"end":{"line":53,"column":16}},"loc":{"start":{"line":53,"column":25},"end":{"line":53,"column":52}},"line":53}},"branchMap":{"0":{"loc":{"start":{"line":1,"column":27},"end":{"line":1,"column":42}},"type":"default-arg","locations":[{"start":{"line":1,"column":41},"end":{"line":1,"column":42}}],"line":1},"1":{"loc":{"start":{"line":4,"column":34},"end":{"line":4,"column":49}},"type":"default-arg","locations":[{"start":{"line":4,"column":48},"end":{"line":4,"column":49}}],"line":4},"2":{"loc":{"start":{"line":8,"column":2},"end":{"line":10,"column":3}},"type":"if","locations":[{"start":{"line":8,"column":2},"end":{"line":10,"column":3}},{"start":{},"end":{}}],"line":8},"3":{"loc":{"start":{"line":8,"column":6},"end":{"line":8,"column":49}},"type":"binary-expr","locations":[{"start":{"line":8,"column":6},"end":{"line":8,"column":31}},{"start":{"line":8,"column":35},"end":{"line":8,"column":49}}],"line":8},"4":{"loc":{"start":{"line":22,"column":23},"end":{"line":22,"column":32}},"type":"default-arg","locations":[{"start":{"line":22,"column":31},"end":{"line":22,"column":32}}],"line":22},"5":{"loc":{"start":{"line":26,"column":4},"end":{"line":47,"column":5}},"type":"switch","locations":[{"start":{"line":27,"column":6},"end":{"line":28,"column":73}},{"start":{"line":30,"column":6},"end":{"line":31,"column":73}},{"start":{"line":33,"column":6},"end":{"line":34,"column":73}},{"start":{"line":36,"column":6},"end":{"line":40,"column":21}},{"start":{"line":42,"column":6},"end":{"line":43,"column":115}},{"start":{"line":45,"column":6},"end":{"line":46,"column":54}}],"line":26}},"s":{"0":3,"1":59,"2":3,"3":22,"4":3,"5":60,"6":46,"7":14,"8":18,"9":18,"10":14,"11":3,"12":11,"13":41,"14":41,"15":11,"16":6,"17":7,"18":9,"19":8,"20":0,"21":11,"22":3},"f":{"0":59,"1":22,"2":60,"3":18,"4":11,"5":41,"6":3},"b":{"0":[59],"1":[22],"2":[46,14],"3":[60,16],"4":[0],"5":[11,6,7,9,8,0]},"_coverageSchema":"1a1c01bbd47fc00a2c39e90264f33305004495a9","hash":"74243b6a248c9f550e12ae2da3156879c9e7e3a0"}
}
