TN:
SF:src/buildDiff.js
FN:5,(anonymous_0)
FN:8,(anonymous_1)
FNF:2
FNH:2
FNDA:11,(anonymous_0)
FNDA:41,(anonymous_1)
DA:5,3
DA:6,11
DA:8,11
DA:9,41
DA:10,41
DA:12,41
DA:13,6
DA:16,35
DA:17,11
DA:20,24
DA:21,8
DA:24,16
DA:25,9
DA:28,7
LF:14
LH:14
BRDA:12,0,0,6
BRDA:12,0,1,35
BRDA:16,1,0,11
BRDA:16,1,1,24
BRDA:20,2,0,8
BRDA:20,2,1,16
BRDA:20,3,0,24
BRDA:20,3,1,10
BRDA:24,4,0,9
BRDA:24,4,1,7
BRF:10
BRH:10
end_of_record
TN:
SF:src/gendiff.js
FN:7,(anonymous_0)
FN:10,(anonymous_1)
FN:12,(anonymous_2)
FNF:3
FNH:3
FNDA:6,(anonymous_0)
FNDA:6,(anonymous_1)
FNDA:3,(anonymous_2)
DA:7,3
DA:8,6
DA:10,6
DA:12,3
DA:13,3
DA:14,3
DA:15,3
DA:16,3
LF:8
LH:8
BRDA:12,0,0,1
BRF:1
BRH:1
end_of_record
TN:
SF:src/parsers.js
FN:3,(anonymous_0)
FNF:1
FNH:1
FNDA:6,(anonymous_0)
DA:3,3
DA:4,6
DA:6,4
DA:9,2
DA:11,0
LF:5
LH:4
BRDA:4,0,0,4
BRDA:4,0,1,0
BRDA:4,0,2,2
BRDA:4,0,3,0
BRF:4
BRH:2
end_of_record
TN:
SF:src/formatters/flat.js
FN:1,(anonymous_0)
FN:8,(anonymous_1)
FN:9,(anonymous_2)
FN:32,(anonymous_3)
FNF:4
FNH:0
FNDA:0,(anonymous_0)
FNDA:0,(anonymous_1)
FNDA:0,(anonymous_2)
FNDA:0,(anonymous_3)
DA:1,3
DA:2,0
DA:3,0
DA:4,0
DA:5,0
DA:8,3
DA:9,0
DA:10,0
DA:11,0
DA:13,0
DA:15,0
DA:17,0
DA:19,0
DA:21,0
DA:23,0
DA:25,0
DA:29,0
DA:32,0
LF:18
LH:2
BRDA:2,0,0,0
BRDA:2,0,1,0
BRDA:3,1,0,0
BRDA:3,1,1,0
BRDA:4,2,0,0
BRDA:4,2,1,0
BRDA:11,3,0,0
BRDA:11,3,1,0
BRDA:13,4,0,0
BRDA:13,4,1,0
BRDA:13,4,2,0
BRDA:13,4,3,0
BRDA:13,4,4,0
BRDA:13,4,5,0
BRF:14
BRH:0
end_of_record
TN:
SF:src/formatters/index.js
FN:4,(anonymous_0)
FNF:1
FNH:1
FNDA:3,(anonymous_0)
DA:5,3
DA:7,3
DA:9,0
DA:11,0
LF:4
LH:2
BRDA:5,0,0,3
BRDA:5,0,1,0
BRDA:5,0,2,0
BRF:3
BRH:1
end_of_record
TN:
SF:src/formatters/stylish.js
FN:1,(anonymous_0)
FN:4,(anonymous_1)
FN:7,(anonymous_2)
FN:14,(anonymous_3)
FN:22,(anonymous_4)
FN:23,(anonymous_5)
FN:53,(anonymous_6)
FNF:7
FNH:7
FNDA:59,(anonymous_0)
FNDA:22,(anonymous_1)
FNDA:60,(anonymous_2)
FNDA:18,(anonymous_3)
FNDA:11,(anonymous_4)
FNDA:41,(anonymous_5)
FNDA:3,(anonymous_6)
DA:1,3
DA:2,59
DA:4,3
DA:5,22
DA:7,3
DA:8,60
DA:9,46
DA:13,14
DA:15,18
DA:16,18
DA:19,14
DA:22,3
DA:23,11
DA:24,41
DA:26,41
DA:28,11
DA:31,6
DA:34,7
DA:37,9
DA:43,8
DA:46,0
DA:50,11
DA:53,3
LF:23
LH:22
BRDA:1,0,0,59
BRDA:4,1,0,22
BRDA:8,2,0,46
BRDA:8,2,1,14
BRDA:8,3,0,60
BRDA:8,3,1,16
BRDA:22,4,0,0
BRDA:26,5,0,11
BRDA:26,5,1,6
BRDA:26,5,2,7
BRDA:26,5,3,9
BRDA:26,5,4,8
BRDA:26,5,5,0
BRF:13
BRH:11
end_of_record
